<?xml version="1.0" encoding="UTF-8"?>
<!-- Generated by org.testng.reporters.JUnitReportReporter -->
<testsuite hostname="DESKTOP-46UEGHV" failures="0" tests="1" name="com.hrms.testscript.Tc_101" time="39.194" errors="0" timestamp="11 Nov 2019 16:53:13 GMT">
  <testcase classname="com.hrms.testscript.Tc_101" name="Login" time="39.194"/>
</testsuite> <!-- com.hrms.testscript.Tc_101 -->
