<?xml version="1.0" encoding="UTF-8"?>
<!-- Generated by org.testng.reporters.JUnitReportReporter -->
<testsuite hostname="DESKTOP-46UEGHV" failures="0" tests="1" name="com.hrms.testscript.Tc_102" time="54.712" errors="0" timestamp="11 Nov 2019 08:45:59 GMT">
  <testcase classname="com.hrms.testscript.Tc_102" name="tc_102" time="54.712"/>
</testsuite> <!-- com.hrms.testscript.Tc_102 -->
