<?xml version="1.0" encoding="UTF-8"?>
<!-- Generated by org.testng.reporters.JUnitReportReporter -->
<testsuite hostname="DESKTOP-46UEGHV" failures="0" tests="2" name="testngExamples.Testng_exp" time="0.041" errors="0" timestamp="6 Nov 2019 14:48:48 GMT">
  <testcase classname="testngExamples.Testng_exp" name="login" time="0.030"/>
  <testcase classname="testngExamples.Testng_exp" name="logout" time="0.011"/>
</testsuite> <!-- testngExamples.Testng_exp -->
